{"C:\\Users\\kkan0\\Desktop\\Study\\lol-ban-pick\\src\\components\\pickers\\Version\\index.vue": {"path":"C:\\Users\\kkan0\\Desktop\\Study\\lol-ban-pick\\src\\components\\pickers\\Version\\index.vue","statementMap":{"0":{"start":{"line":19,"column":0},"end":{"line":19,"column":null}},"1":{"start":{"line":20,"column":0},"end":{"line":20,"column":null}},"2":{"start":{"line":21,"column":0},"end":{"line":21,"column":null}},"3":{"start":{"line":22,"column":0},"end":{"line":22,"column":null}},"4":{"start":{"line":24,"column":15},"end":{"line":24,"column":31}},"5":{"start":{"line":26,"column":2},"end":{"line":26,"column":7}},"6":{"start":{"line":27,"column":18},"end":{"line":27,"column":null}},"7":{"start":{"line":29,"column":27},"end":{"line":29,"column":36}},"8":{"start":{"line":29,"column":42},"end":{"line":29,"column":47}},"9":{"start":{"line":30,"column":21},"end":{"line":30,"column":30}},"10":{"start":{"line":30,"column":36},"end":{"line":30,"column":41}},"11":{"start":{"line":32,"column":25},"end":{"line":32,"column":29}},"12":{"start":{"line":34,"column":34},"end":{"line":38,"column":null}},"13":{"start":{"line":34,"column":34},"end":{"line":34,"column":null}},"14":{"start":{"line":35,"column":6},"end":{"line":35,"column":12}},"15":{"start":{"line":37,"column":6},"end":{"line":37,"column":14}},"16":{"start":{"line":40,"column":4},"end":{"line":40,"column":11}}},"fnMap":{"0":{"name":"(anonymous_0)","decl":{"start":{"line":26,"column":7},"end":{"line":26,"column":null}},"loc":{"start":{"line":26,"column":7},"end":{"line":46,"column":null}}},"1":{"name":"(anonymous_1)","decl":{"start":{"line":29,"column":36},"end":{"line":29,"column":42}},"loc":{"start":{"line":29,"column":36},"end":{"line":29,"column":null}}},"2":{"name":"(anonymous_2)","decl":{"start":{"line":30,"column":30},"end":{"line":30,"column":36}},"loc":{"start":{"line":30,"column":30},"end":{"line":30,"column":null}}},"3":{"name":"(anonymous_3)","decl":{"start":{"line":34,"column":34},"end":{"line":34,"column":null}},"loc":{"start":{"line":34,"column":34},"end":{"line":38,"column":null}}}},"branchMap":{"0":{"loc":{"start":{"line":32,"column":29},"end":{"line":32,"column":53}},"type":"binary-expr","locations":[{"start":{"line":32,"column":29},"end":{"line":32,"column":53}},{"start":{"line":32,"column":53},"end":{"line":32,"column":null}}]}},"s":{"0":1,"1":1,"2":1,"3":1,"4":1,"5":1,"6":1,"7":1,"8":1,"9":1,"10":0,"11":1,"12":0,"13":0,"14":0,"15":0,"16":0},"f":{"0":1,"1":1,"2":0,"3":0},"b":{"0":[1,0]}}
,"C:\\Users\\kkan0\\Desktop\\Study\\lol-ban-pick\\src\\interfaces\\model\\lol\\index.ts": {"path":"C:\\Users\\kkan0\\Desktop\\Study\\lol-ban-pick\\src\\interfaces\\model\\lol\\index.ts","statementMap":{"0":{"start":{"line":4,"column":32},"end":{"line":4,"column":null}},"1":{"start":{"line":5,"column":33},"end":{"line":5,"column":null}},"2":{"start":{"line":6,"column":47},"end":{"line":6,"column":null}},"3":{"start":{"line":7,"column":35},"end":{"line":7,"column":null}},"4":{"start":{"line":38,"column":0},"end":{"line":38,"column":12}},"5":{"start":{"line":39,"column":2},"end":{"line":39,"column":null}},"6":{"start":{"line":40,"column":2},"end":{"line":40,"column":null}},"7":{"start":{"line":41,"column":2},"end":{"line":41,"column":null}},"8":{"start":{"line":42,"column":2},"end":{"line":42,"column":null}},"9":{"start":{"line":43,"column":2},"end":{"line":43,"column":null}},"10":{"start":{"line":44,"column":2},"end":{"line":44,"column":null}},"11":{"start":{"line":45,"column":2},"end":{"line":45,"column":null}},"12":{"start":{"line":46,"column":2},"end":{"line":46,"column":null}},"13":{"start":{"line":47,"column":2},"end":{"line":47,"column":null}},"14":{"start":{"line":48,"column":2},"end":{"line":48,"column":null}},"15":{"start":{"line":49,"column":2},"end":{"line":49,"column":null}},"16":{"start":{"line":50,"column":2},"end":{"line":50,"column":null}},"17":{"start":{"line":51,"column":2},"end":{"line":51,"column":null}},"18":{"start":{"line":52,"column":2},"end":{"line":52,"column":null}},"19":{"start":{"line":53,"column":2},"end":{"line":53,"column":null}},"20":{"start":{"line":54,"column":2},"end":{"line":54,"column":null}},"21":{"start":{"line":55,"column":2},"end":{"line":55,"column":null}},"22":{"start":{"line":56,"column":2},"end":{"line":56,"column":null}},"23":{"start":{"line":57,"column":2},"end":{"line":57,"column":null}},"24":{"start":{"line":58,"column":2},"end":{"line":58,"column":null}},"25":{"start":{"line":59,"column":2},"end":{"line":59,"column":null}},"26":{"start":{"line":60,"column":2},"end":{"line":60,"column":null}},"27":{"start":{"line":61,"column":2},"end":{"line":61,"column":null}},"28":{"start":{"line":62,"column":2},"end":{"line":62,"column":null}},"29":{"start":{"line":63,"column":2},"end":{"line":63,"column":null}},"30":{"start":{"line":64,"column":2},"end":{"line":64,"column":null}},"31":{"start":{"line":65,"column":2},"end":{"line":65,"column":null}}},"fnMap":{"0":{"name":"(anonymous_0)","decl":{"start":{"line":38,"column":0},"end":{"line":38,"column":12}},"loc":{"start":{"line":38,"column":28},"end":{"line":66,"column":null}}}},"branchMap":{"0":{"loc":{"start":{"line":38,"column":12},"end":{"line":38,"column":28}},"type":"binary-expr","locations":[{"start":{"line":38,"column":12},"end":{"line":38,"column":28}},{"start":{"line":38,"column":28},"end":{"line":38,"column":null}}]}},"s":{"0":1,"1":1,"2":1,"3":1,"4":1,"5":1,"6":1,"7":1,"8":1,"9":1,"10":1,"11":1,"12":1,"13":1,"14":1,"15":1,"16":1,"17":1,"18":1,"19":1,"20":1,"21":1,"22":1,"23":1,"24":1,"25":1,"26":1,"27":1,"28":1,"29":1,"30":1,"31":1},"f":{"0":1},"b":{"0":[1,1]}}
,"C:\\Users\\kkan0\\Desktop\\Study\\lol-ban-pick\\src\\interfaces\\system\\localStorage.ts": {"path":"C:\\Users\\kkan0\\Desktop\\Study\\lol-ban-pick\\src\\interfaces\\system\\localStorage.ts","statementMap":{"0":{"start":{"line":4,"column":0},"end":{"line":4,"column":12}},"1":{"start":{"line":5,"column":2},"end":{"line":5,"column":null}},"2":{"start":{"line":6,"column":2},"end":{"line":6,"column":null}},"3":{"start":{"line":7,"column":2},"end":{"line":7,"column":null}}},"fnMap":{"0":{"name":"(anonymous_0)","decl":{"start":{"line":4,"column":0},"end":{"line":4,"column":12}},"loc":{"start":{"line":4,"column":31},"end":{"line":8,"column":null}}}},"branchMap":{"0":{"loc":{"start":{"line":4,"column":12},"end":{"line":4,"column":31}},"type":"binary-expr","locations":[{"start":{"line":4,"column":12},"end":{"line":4,"column":31}},{"start":{"line":4,"column":31},"end":{"line":4,"column":null}}]}},"s":{"0":1,"1":1,"2":1,"3":1},"f":{"0":1},"b":{"0":[1,1]}}
,"C:\\Users\\kkan0\\Desktop\\Study\\lol-ban-pick\\src\\store\\index.ts": {"path":"C:\\Users\\kkan0\\Desktop\\Study\\lol-ban-pick\\src\\store\\index.ts","statementMap":{"0":{"start":{"line":6,"column":0},"end":{"line":6,"column":null}},"1":{"start":{"line":8,"column":0},"end":{"line":8,"column":null}},"2":{"start":{"line":10,"column":0},"end":{"line":10,"column":null}},"3":{"start":{"line":12,"column":0},"end":{"line":12,"column":null}},"4":{"start":{"line":14,"column":0},"end":{"line":14,"column":null}},"5":{"start":{"line":16,"column":0},"end":{"line":16,"column":null}},"6":{"start":{"line":34,"column":51},"end":{"line":34,"column":null}},"7":{"start":{"line":37,"column":16},"end":{"line":37,"column":17}},"8":{"start":{"line":39,"column":21},"end":{"line":39,"column":44}},"9":{"start":{"line":51,"column":2},"end":{"line":51,"column":9}}},"fnMap":{"0":{"name":"useStore","decl":{"start":{"line":50,"column":24},"end":{"line":50,"column":32}},"loc":{"start":{"line":50,"column":32},"end":{"line":52,"column":null}}}},"branchMap":{},"s":{"0":1,"1":1,"2":1,"3":1,"4":1,"5":1,"6":1,"7":1,"8":1,"9":1},"f":{"0":1},"b":{}}
,"C:\\Users\\kkan0\\Desktop\\Study\\lol-ban-pick\\src\\store\\modules\\application\\actions.ts": {"path":"C:\\Users\\kkan0\\Desktop\\Study\\lol-ban-pick\\src\\store\\modules\\application\\actions.ts","statementMap":{"0":{"start":{"line":2,"column":0},"end":{"line":2,"column":null}},"1":{"start":{"line":8,"column":0},"end":{"line":8,"column":12}},"2":{"start":{"line":9,"column":2},"end":{"line":9,"column":null}},"3":{"start":{"line":10,"column":2},"end":{"line":10,"column":null}},"4":{"start":{"line":11,"column":2},"end":{"line":11,"column":null}},"5":{"start":{"line":12,"column":2},"end":{"line":12,"column":null}},"6":{"start":{"line":13,"column":2},"end":{"line":13,"column":null}},"7":{"start":{"line":14,"column":2},"end":{"line":14,"column":null}},"8":{"start":{"line":15,"column":2},"end":{"line":15,"column":null}},"9":{"start":{"line":16,"column":2},"end":{"line":16,"column":null}},"10":{"start":{"line":17,"column":2},"end":{"line":17,"column":null}},"11":{"start":{"line":18,"column":2},"end":{"line":18,"column":null}},"12":{"start":{"line":67,"column":96},"end":{"line":67,"column":null}},"13":{"start":{"line":69,"column":4},"end":{"line":69,"column":10}},"14":{"start":{"line":72,"column":4},"end":{"line":72,"column":10}},"15":{"start":{"line":75,"column":4},"end":{"line":75,"column":10}},"16":{"start":{"line":78,"column":4},"end":{"line":78,"column":10}},"17":{"start":{"line":81,"column":4},"end":{"line":81,"column":10}},"18":{"start":{"line":84,"column":4},"end":{"line":84,"column":10}},"19":{"start":{"line":87,"column":4},"end":{"line":87,"column":10}},"20":{"start":{"line":90,"column":4},"end":{"line":90,"column":10}},"21":{"start":{"line":93,"column":4},"end":{"line":93,"column":10}},"22":{"start":{"line":96,"column":4},"end":{"line":96,"column":10}}},"fnMap":{"0":{"name":"(anonymous_0)","decl":{"start":{"line":8,"column":0},"end":{"line":8,"column":12}},"loc":{"start":{"line":8,"column":34},"end":{"line":19,"column":null}}},"1":{"name":"(anonymous_1)","decl":{"start":{"line":68,"column":2},"end":{"line":68,"column":3}},"loc":{"start":{"line":68,"column":63},"end":{"line":70,"column":null}}},"2":{"name":"(anonymous_2)","decl":{"start":{"line":71,"column":2},"end":{"line":71,"column":3}},"loc":{"start":{"line":71,"column":64},"end":{"line":73,"column":null}}},"3":{"name":"(anonymous_3)","decl":{"start":{"line":74,"column":2},"end":{"line":74,"column":3}},"loc":{"start":{"line":74,"column":55},"end":{"line":76,"column":null}}},"4":{"name":"(anonymous_4)","decl":{"start":{"line":77,"column":2},"end":{"line":77,"column":3}},"loc":{"start":{"line":77,"column":61},"end":{"line":79,"column":null}}},"5":{"name":"(anonymous_5)","decl":{"start":{"line":80,"column":2},"end":{"line":80,"column":3}},"loc":{"start":{"line":80,"column":59},"end":{"line":82,"column":null}}},"6":{"name":"(anonymous_6)","decl":{"start":{"line":83,"column":2},"end":{"line":83,"column":3}},"loc":{"start":{"line":83,"column":65},"end":{"line":85,"column":null}}},"7":{"name":"(anonymous_7)","decl":{"start":{"line":86,"column":2},"end":{"line":86,"column":3}},"loc":{"start":{"line":86,"column":60},"end":{"line":88,"column":null}}},"8":{"name":"(anonymous_8)","decl":{"start":{"line":89,"column":2},"end":{"line":89,"column":3}},"loc":{"start":{"line":89,"column":66},"end":{"line":91,"column":null}}},"9":{"name":"(anonymous_9)","decl":{"start":{"line":92,"column":2},"end":{"line":92,"column":3}},"loc":{"start":{"line":92,"column":61},"end":{"line":94,"column":null}}},"10":{"name":"(anonymous_10)","decl":{"start":{"line":95,"column":2},"end":{"line":95,"column":3}},"loc":{"start":{"line":95,"column":54},"end":{"line":97,"column":null}}}},"branchMap":{"0":{"loc":{"start":{"line":8,"column":12},"end":{"line":8,"column":34}},"type":"binary-expr","locations":[{"start":{"line":8,"column":12},"end":{"line":8,"column":34}},{"start":{"line":8,"column":34},"end":{"line":8,"column":null}}]}},"s":{"0":1,"1":1,"2":1,"3":1,"4":1,"5":1,"6":1,"7":1,"8":1,"9":1,"10":1,"11":1,"12":1,"13":0,"14":0,"15":0,"16":0,"17":0,"18":0,"19":0,"20":0,"21":0,"22":0},"f":{"0":1,"1":0,"2":0,"3":0,"4":0,"5":0,"6":0,"7":0,"8":0,"9":0,"10":0},"b":{"0":[1,1]}}
,"C:\\Users\\kkan0\\Desktop\\Study\\lol-ban-pick\\src\\store\\modules\\application\\getters.ts": {"path":"C:\\Users\\kkan0\\Desktop\\Study\\lol-ban-pick\\src\\store\\modules\\application\\getters.ts","statementMap":{"0":{"start":{"line":10,"column":96},"end":{"line":10,"column":null}},"1":{"start":{"line":12,"column":4},"end":{"line":12,"column":11}},"2":{"start":{"line":15,"column":4},"end":{"line":15,"column":11}}},"fnMap":{"0":{"name":"(anonymous_0)","decl":{"start":{"line":11,"column":20},"end":{"line":11,"column":29}},"loc":{"start":{"line":11,"column":29},"end":{"line":13,"column":null}}},"1":{"name":"(anonymous_1)","decl":{"start":{"line":14,"column":23},"end":{"line":14,"column":32}},"loc":{"start":{"line":14,"column":32},"end":{"line":16,"column":null}}}},"branchMap":{},"s":{"0":1,"1":0,"2":0},"f":{"0":0,"1":0},"b":{}}
,"C:\\Users\\kkan0\\Desktop\\Study\\lol-ban-pick\\src\\store\\modules\\application\\index.ts": {"path":"C:\\Users\\kkan0\\Desktop\\Study\\lol-ban-pick\\src\\store\\modules\\application\\index.ts","statementMap":{"0":{"start":{"line":8,"column":0},"end":{"line":8,"column":null}},"1":{"start":{"line":9,"column":0},"end":{"line":9,"column":null}},"2":{"start":{"line":10,"column":0},"end":{"line":10,"column":null}},"3":{"start":{"line":11,"column":0},"end":{"line":11,"column":null}},"4":{"start":{"line":34,"column":70},"end":{"line":34,"column":null}}},"fnMap":{},"branchMap":{},"s":{"0":1,"1":1,"2":1,"3":1,"4":1},"f":{},"b":{}}
,"C:\\Users\\kkan0\\Desktop\\Study\\lol-ban-pick\\src\\store\\modules\\application\\mutations.ts": {"path":"C:\\Users\\kkan0\\Desktop\\Study\\lol-ban-pick\\src\\store\\modules\\application\\mutations.ts","statementMap":{"0":{"start":{"line":6,"column":0},"end":{"line":6,"column":null}},"1":{"start":{"line":8,"column":0},"end":{"line":8,"column":12}},"2":{"start":{"line":9,"column":2},"end":{"line":9,"column":null}},"3":{"start":{"line":10,"column":2},"end":{"line":10,"column":null}},"4":{"start":{"line":11,"column":2},"end":{"line":11,"column":null}},"5":{"start":{"line":12,"column":2},"end":{"line":12,"column":null}},"6":{"start":{"line":13,"column":2},"end":{"line":13,"column":null}},"7":{"start":{"line":14,"column":2},"end":{"line":14,"column":null}},"8":{"start":{"line":15,"column":2},"end":{"line":15,"column":null}},"9":{"start":{"line":16,"column":2},"end":{"line":16,"column":null}},"10":{"start":{"line":17,"column":2},"end":{"line":17,"column":null}},"11":{"start":{"line":32,"column":91},"end":{"line":32,"column":null}},"12":{"start":{"line":35,"column":4},"end":{"line":35,"column":16}},"13":{"start":{"line":36,"column":4},"end":{"line":36,"column":9}},"14":{"start":{"line":40,"column":4},"end":{"line":40,"column":16}},"15":{"start":{"line":41,"column":4},"end":{"line":41,"column":9}},"16":{"start":{"line":44,"column":4},"end":{"line":44,"column":9}},"17":{"start":{"line":47,"column":4},"end":{"line":47,"column":9}},"18":{"start":{"line":50,"column":4},"end":{"line":50,"column":9}},"19":{"start":{"line":53,"column":4},"end":{"line":53,"column":9}},"20":{"start":{"line":56,"column":4},"end":{"line":56,"column":9}},"21":{"start":{"line":59,"column":4},"end":{"line":59,"column":9}},"22":{"start":{"line":62,"column":4},"end":{"line":62,"column":9}}},"fnMap":{"0":{"name":"(anonymous_0)","decl":{"start":{"line":8,"column":0},"end":{"line":8,"column":12}},"loc":{"start":{"line":8,"column":36},"end":{"line":18,"column":null}}},"1":{"name":"(anonymous_1)","decl":{"start":{"line":33,"column":2},"end":{"line":33,"column":3}},"loc":{"start":{"line":33,"column":60},"end":{"line":37,"column":null}}},"2":{"name":"(anonymous_2)","decl":{"start":{"line":38,"column":2},"end":{"line":38,"column":3}},"loc":{"start":{"line":38,"column":61},"end":{"line":42,"column":null}}},"3":{"name":"(anonymous_3)","decl":{"start":{"line":43,"column":2},"end":{"line":43,"column":3}},"loc":{"start":{"line":43,"column":52},"end":{"line":45,"column":null}}},"4":{"name":"(anonymous_4)","decl":{"start":{"line":46,"column":2},"end":{"line":46,"column":3}},"loc":{"start":{"line":46,"column":58},"end":{"line":48,"column":null}}},"5":{"name":"(anonymous_5)","decl":{"start":{"line":49,"column":2},"end":{"line":49,"column":3}},"loc":{"start":{"line":49,"column":56},"end":{"line":51,"column":null}}},"6":{"name":"(anonymous_6)","decl":{"start":{"line":52,"column":2},"end":{"line":52,"column":3}},"loc":{"start":{"line":52,"column":62},"end":{"line":54,"column":null}}},"7":{"name":"(anonymous_7)","decl":{"start":{"line":55,"column":2},"end":{"line":55,"column":3}},"loc":{"start":{"line":55,"column":57},"end":{"line":57,"column":null}}},"8":{"name":"(anonymous_8)","decl":{"start":{"line":58,"column":2},"end":{"line":58,"column":3}},"loc":{"start":{"line":58,"column":63},"end":{"line":60,"column":null}}},"9":{"name":"(anonymous_9)","decl":{"start":{"line":61,"column":2},"end":{"line":61,"column":3}},"loc":{"start":{"line":61,"column":57},"end":{"line":63,"column":null}}}},"branchMap":{"0":{"loc":{"start":{"line":8,"column":12},"end":{"line":8,"column":36}},"type":"binary-expr","locations":[{"start":{"line":8,"column":12},"end":{"line":8,"column":36}},{"start":{"line":8,"column":36},"end":{"line":8,"column":null}}]}},"s":{"0":1,"1":1,"2":1,"3":1,"4":1,"5":1,"6":1,"7":1,"8":1,"9":1,"10":1,"11":1,"12":0,"13":0,"14":0,"15":0,"16":0,"17":0,"18":0,"19":0,"20":0,"21":0,"22":0},"f":{"0":1,"1":0,"2":0,"3":0,"4":0,"5":0,"6":0,"7":0,"8":0,"9":0},"b":{"0":[1,1]}}
,"C:\\Users\\kkan0\\Desktop\\Study\\lol-ban-pick\\src\\store\\modules\\application\\state.ts": {"path":"C:\\Users\\kkan0\\Desktop\\Study\\lol-ban-pick\\src\\store\\modules\\application\\state.ts","statementMap":{"0":{"start":{"line":2,"column":0},"end":{"line":2,"column":null}},"1":{"start":{"line":3,"column":0},"end":{"line":3,"column":null}},"2":{"start":{"line":17,"column":50},"end":{"line":17,"column":null}}},"fnMap":{},"branchMap":{"0":{"loc":{"start":{"line":18,"column":14},"end":{"line":18,"column":26}},"type":"binary-expr","locations":[{"start":{"line":18,"column":14},"end":{"line":18,"column":26}},{"start":{"line":18,"column":71},"end":{"line":18,"column":null}}]},"1":{"loc":{"start":{"line":19,"column":16},"end":{"line":19,"column":28}},"type":"binary-expr","locations":[{"start":{"line":19,"column":16},"end":{"line":19,"column":28}},{"start":{"line":19,"column":95},"end":{"line":19,"column":null}}]}},"s":{"0":1,"1":1,"2":1},"f":{},"b":{"0":[1,1],"1":[1,1]}}
,"C:\\Users\\kkan0\\Desktop\\Study\\lol-ban-pick\\src\\store\\modules\\commonCode\\actions.ts": {"path":"C:\\Users\\kkan0\\Desktop\\Study\\lol-ban-pick\\src\\store\\modules\\commonCode\\actions.ts","statementMap":{"0":{"start":{"line":2,"column":0},"end":{"line":2,"column":null}},"1":{"start":{"line":6,"column":0},"end":{"line":6,"column":null}},"2":{"start":{"line":9,"column":0},"end":{"line":9,"column":12}},"3":{"start":{"line":10,"column":2},"end":{"line":10,"column":null}},"4":{"start":{"line":11,"column":2},"end":{"line":11,"column":null}},"5":{"start":{"line":12,"column":2},"end":{"line":12,"column":null}},"6":{"start":{"line":35,"column":93},"end":{"line":35,"column":null}},"7":{"start":{"line":37,"column":4},"end":{"line":37,"column":10}},"8":{"start":{"line":41,"column":29},"end":{"line":41,"column":null}},"9":{"start":{"line":42,"column":16},"end":{"line":43,"column":null}},"10":{"start":{"line":44,"column":4},"end":{"line":44,"column":10}},"11":{"start":{"line":47,"column":16},"end":{"line":48,"column":null}},"12":{"start":{"line":49,"column":4},"end":{"line":49,"column":10}}},"fnMap":{"0":{"name":"(anonymous_0)","decl":{"start":{"line":9,"column":0},"end":{"line":9,"column":12}},"loc":{"start":{"line":9,"column":33},"end":{"line":13,"column":null}}},"1":{"name":"(anonymous_1)","decl":{"start":{"line":36,"column":2},"end":{"line":36,"column":3}},"loc":{"start":{"line":36,"column":64},"end":{"line":38,"column":null}}},"2":{"name":"(anonymous_2)","decl":{"start":{"line":39,"column":2},"end":{"line":39,"column":9}},"loc":{"start":{"line":39,"column":73},"end":{"line":45,"column":null}}},"3":{"name":"(anonymous_3)","decl":{"start":{"line":46,"column":2},"end":{"line":46,"column":9}},"loc":{"start":{"line":46,"column":61},"end":{"line":50,"column":null}}}},"branchMap":{"0":{"loc":{"start":{"line":9,"column":12},"end":{"line":9,"column":33}},"type":"binary-expr","locations":[{"start":{"line":9,"column":12},"end":{"line":9,"column":33}},{"start":{"line":9,"column":33},"end":{"line":9,"column":null}}]}},"s":{"0":1,"1":1,"2":1,"3":1,"4":1,"5":1,"6":1,"7":0,"8":0,"9":0,"10":0,"11":0,"12":0},"f":{"0":1,"1":0,"2":0,"3":0},"b":{"0":[1,1]}}
,"C:\\Users\\kkan0\\Desktop\\Study\\lol-ban-pick\\src\\store\\modules\\commonCode\\getters.ts": {"path":"C:\\Users\\kkan0\\Desktop\\Study\\lol-ban-pick\\src\\store\\modules\\commonCode\\getters.ts","statementMap":{"0":{"start":{"line":8,"column":93},"end":{"line":8,"column":null}}},"fnMap":{},"branchMap":{},"s":{"0":1},"f":{},"b":{}}
,"C:\\Users\\kkan0\\Desktop\\Study\\lol-ban-pick\\src\\store\\modules\\commonCode\\index.ts": {"path":"C:\\Users\\kkan0\\Desktop\\Study\\lol-ban-pick\\src\\store\\modules\\commonCode\\index.ts","statementMap":{"0":{"start":{"line":8,"column":0},"end":{"line":8,"column":null}},"1":{"start":{"line":9,"column":0},"end":{"line":9,"column":null}},"2":{"start":{"line":10,"column":0},"end":{"line":10,"column":null}},"3":{"start":{"line":11,"column":0},"end":{"line":11,"column":null}},"4":{"start":{"line":34,"column":68},"end":{"line":34,"column":null}}},"fnMap":{},"branchMap":{},"s":{"0":1,"1":1,"2":1,"3":1,"4":1},"f":{},"b":{}}
,"C:\\Users\\kkan0\\Desktop\\Study\\lol-ban-pick\\src\\store\\modules\\commonCode\\mutations.ts": {"path":"C:\\Users\\kkan0\\Desktop\\Study\\lol-ban-pick\\src\\store\\modules\\commonCode\\mutations.ts","statementMap":{"0":{"start":{"line":5,"column":0},"end":{"line":5,"column":12}},"1":{"start":{"line":6,"column":2},"end":{"line":6,"column":null}},"2":{"start":{"line":7,"column":2},"end":{"line":7,"column":null}},"3":{"start":{"line":15,"column":88},"end":{"line":15,"column":null}},"4":{"start":{"line":17,"column":4},"end":{"line":17,"column":9}},"5":{"start":{"line":20,"column":4},"end":{"line":20,"column":9}}},"fnMap":{"0":{"name":"(anonymous_0)","decl":{"start":{"line":5,"column":0},"end":{"line":5,"column":12}},"loc":{"start":{"line":5,"column":35},"end":{"line":8,"column":null}}},"1":{"name":"(anonymous_1)","decl":{"start":{"line":16,"column":2},"end":{"line":16,"column":3}},"loc":{"start":{"line":16,"column":61},"end":{"line":18,"column":null}}},"2":{"name":"(anonymous_2)","decl":{"start":{"line":19,"column":2},"end":{"line":19,"column":3}},"loc":{"start":{"line":19,"column":60},"end":{"line":21,"column":null}}}},"branchMap":{"0":{"loc":{"start":{"line":5,"column":12},"end":{"line":5,"column":35}},"type":"binary-expr","locations":[{"start":{"line":5,"column":12},"end":{"line":5,"column":35}},{"start":{"line":5,"column":35},"end":{"line":5,"column":null}}]}},"s":{"0":1,"1":1,"2":1,"3":1,"4":0,"5":0},"f":{"0":1,"1":0,"2":0},"b":{"0":[1,1]}}
,"C:\\Users\\kkan0\\Desktop\\Study\\lol-ban-pick\\src\\store\\modules\\commonCode\\state.ts": {"path":"C:\\Users\\kkan0\\Desktop\\Study\\lol-ban-pick\\src\\store\\modules\\commonCode\\state.ts","statementMap":{"0":{"start":{"line":11,"column":44},"end":{"line":11,"column":null}}},"fnMap":{},"branchMap":{},"s":{"0":1},"f":{},"b":{}}
,"C:\\Users\\kkan0\\Desktop\\Study\\lol-ban-pick\\src\\store\\modules\\lolCompetitionBan\\actions.ts": {"path":"C:\\Users\\kkan0\\Desktop\\Study\\lol-ban-pick\\src\\store\\modules\\lolCompetitionBan\\actions.ts","statementMap":{"0":{"start":{"line":2,"column":0},"end":{"line":2,"column":null}},"1":{"start":{"line":9,"column":0},"end":{"line":9,"column":12}},"2":{"start":{"line":10,"column":2},"end":{"line":10,"column":null}},"3":{"start":{"line":11,"column":2},"end":{"line":11,"column":null}},"4":{"start":{"line":12,"column":2},"end":{"line":12,"column":null}},"5":{"start":{"line":13,"column":2},"end":{"line":13,"column":null}},"6":{"start":{"line":14,"column":2},"end":{"line":14,"column":null}},"7":{"start":{"line":15,"column":2},"end":{"line":15,"column":null}},"8":{"start":{"line":16,"column":2},"end":{"line":16,"column":null}},"9":{"start":{"line":55,"column":114},"end":{"line":55,"column":null}},"10":{"start":{"line":57,"column":4},"end":{"line":57,"column":10}},"11":{"start":{"line":58,"column":4},"end":{"line":58,"column":10}},"12":{"start":{"line":59,"column":4},"end":{"line":59,"column":10}},"13":{"start":{"line":60,"column":4},"end":{"line":60,"column":10}},"14":{"start":{"line":61,"column":4},"end":{"line":61,"column":10}},"15":{"start":{"line":64,"column":4},"end":{"line":64,"column":10}},"16":{"start":{"line":67,"column":4},"end":{"line":67,"column":10}},"17":{"start":{"line":70,"column":4},"end":{"line":71,"column":12}},"18":{"start":{"line":71,"column":6},"end":{"line":71,"column":12}},"19":{"start":{"line":72,"column":4},"end":{"line":73,"column":12}},"20":{"start":{"line":73,"column":6},"end":{"line":73,"column":12}},"21":{"start":{"line":75,"column":4},"end":{"line":75,"column":12}},"22":{"start":{"line":77,"column":8},"end":{"line":77,"column":14}},"23":{"start":{"line":78,"column":8},"end":{"line":78,"column":14}},"24":{"start":{"line":79,"column":8},"end":{"line":79,"column":null}},"25":{"start":{"line":81,"column":8},"end":{"line":81,"column":14}},"26":{"start":{"line":82,"column":8},"end":{"line":82,"column":14}},"27":{"start":{"line":83,"column":8},"end":{"line":83,"column":null}},"28":{"start":{"line":85,"column":8},"end":{"line":85,"column":14}},"29":{"start":{"line":86,"column":8},"end":{"line":86,"column":14}},"30":{"start":{"line":87,"column":8},"end":{"line":87,"column":null}},"31":{"start":{"line":89,"column":8},"end":{"line":89,"column":14}},"32":{"start":{"line":90,"column":8},"end":{"line":90,"column":14}},"33":{"start":{"line":91,"column":8},"end":{"line":91,"column":null}},"34":{"start":{"line":93,"column":8},"end":{"line":93,"column":14}},"35":{"start":{"line":94,"column":8},"end":{"line":94,"column":14}},"36":{"start":{"line":95,"column":8},"end":{"line":95,"column":null}},"37":{"start":{"line":97,"column":8},"end":{"line":97,"column":14}},"38":{"start":{"line":98,"column":8},"end":{"line":98,"column":14}},"39":{"start":{"line":99,"column":8},"end":{"line":99,"column":null}},"40":{"start":{"line":101,"column":8},"end":{"line":101,"column":14}},"41":{"start":{"line":102,"column":8},"end":{"line":102,"column":14}},"42":{"start":{"line":103,"column":8},"end":{"line":103,"column":null}},"43":{"start":{"line":105,"column":8},"end":{"line":105,"column":14}},"44":{"start":{"line":106,"column":8},"end":{"line":106,"column":14}},"45":{"start":{"line":107,"column":8},"end":{"line":107,"column":null}},"46":{"start":{"line":109,"column":8},"end":{"line":109,"column":14}},"47":{"start":{"line":110,"column":8},"end":{"line":110,"column":14}},"48":{"start":{"line":111,"column":8},"end":{"line":111,"column":null}},"49":{"start":{"line":113,"column":8},"end":{"line":113,"column":14}},"50":{"start":{"line":114,"column":8},"end":{"line":114,"column":14}},"51":{"start":{"line":115,"column":8},"end":{"line":115,"column":null}},"52":{"start":{"line":117,"column":8},"end":{"line":117,"column":14}},"53":{"start":{"line":118,"column":8},"end":{"line":118,"column":14}},"54":{"start":{"line":119,"column":8},"end":{"line":119,"column":null}},"55":{"start":{"line":121,"column":8},"end":{"line":121,"column":14}},"56":{"start":{"line":122,"column":8},"end":{"line":122,"column":14}},"57":{"start":{"line":123,"column":8},"end":{"line":123,"column":null}},"58":{"start":{"line":125,"column":8},"end":{"line":125,"column":14}},"59":{"start":{"line":126,"column":8},"end":{"line":126,"column":14}},"60":{"start":{"line":127,"column":8},"end":{"line":127,"column":null}},"61":{"start":{"line":129,"column":8},"end":{"line":129,"column":14}},"62":{"start":{"line":130,"column":8},"end":{"line":130,"column":14}},"63":{"start":{"line":131,"column":8},"end":{"line":131,"column":null}},"64":{"start":{"line":133,"column":8},"end":{"line":133,"column":14}},"65":{"start":{"line":134,"column":8},"end":{"line":134,"column":14}},"66":{"start":{"line":135,"column":8},"end":{"line":135,"column":null}},"67":{"start":{"line":137,"column":8},"end":{"line":137,"column":14}},"68":{"start":{"line":138,"column":8},"end":{"line":138,"column":14}},"69":{"start":{"line":139,"column":8},"end":{"line":139,"column":null}},"70":{"start":{"line":141,"column":8},"end":{"line":141,"column":14}},"71":{"start":{"line":142,"column":8},"end":{"line":142,"column":14}},"72":{"start":{"line":143,"column":8},"end":{"line":143,"column":null}},"73":{"start":{"line":145,"column":8},"end":{"line":145,"column":14}},"74":{"start":{"line":146,"column":8},"end":{"line":146,"column":14}},"75":{"start":{"line":147,"column":8},"end":{"line":147,"column":null}},"76":{"start":{"line":149,"column":8},"end":{"line":149,"column":14}},"77":{"start":{"line":150,"column":8},"end":{"line":150,"column":14}},"78":{"start":{"line":151,"column":8},"end":{"line":151,"column":null}},"79":{"start":{"line":153,"column":8},"end":{"line":153,"column":14}},"80":{"start":{"line":154,"column":8},"end":{"line":154,"column":14}},"81":{"start":{"line":155,"column":8},"end":{"line":155,"column":null}},"82":{"start":{"line":159,"column":4},"end":{"line":159,"column":12}},"83":{"start":{"line":161,"column":8},"end":{"line":161,"column":14}},"84":{"start":{"line":162,"column":8},"end":{"line":162,"column":14}},"85":{"start":{"line":163,"column":8},"end":{"line":163,"column":null}},"86":{"start":{"line":165,"column":8},"end":{"line":165,"column":14}},"87":{"start":{"line":166,"column":8},"end":{"line":166,"column":14}},"88":{"start":{"line":167,"column":8},"end":{"line":167,"column":null}},"89":{"start":{"line":169,"column":8},"end":{"line":169,"column":14}},"90":{"start":{"line":170,"column":8},"end":{"line":170,"column":14}},"91":{"start":{"line":171,"column":8},"end":{"line":171,"column":null}},"92":{"start":{"line":173,"column":8},"end":{"line":173,"column":14}},"93":{"start":{"line":174,"column":8},"end":{"line":174,"column":14}},"94":{"start":{"line":175,"column":8},"end":{"line":175,"column":null}},"95":{"start":{"line":177,"column":8},"end":{"line":177,"column":14}},"96":{"start":{"line":178,"column":8},"end":{"line":178,"column":14}},"97":{"start":{"line":179,"column":8},"end":{"line":179,"column":null}},"98":{"start":{"line":181,"column":8},"end":{"line":181,"column":14}},"99":{"start":{"line":182,"column":8},"end":{"line":182,"column":14}},"100":{"start":{"line":183,"column":8},"end":{"line":183,"column":null}},"101":{"start":{"line":185,"column":8},"end":{"line":185,"column":14}},"102":{"start":{"line":186,"column":8},"end":{"line":186,"column":14}},"103":{"start":{"line":187,"column":8},"end":{"line":187,"column":null}},"104":{"start":{"line":189,"column":8},"end":{"line":189,"column":14}},"105":{"start":{"line":190,"column":8},"end":{"line":190,"column":14}},"106":{"start":{"line":191,"column":8},"end":{"line":191,"column":null}},"107":{"start":{"line":193,"column":8},"end":{"line":193,"column":14}},"108":{"start":{"line":194,"column":8},"end":{"line":194,"column":14}},"109":{"start":{"line":195,"column":8},"end":{"line":195,"column":null}},"110":{"start":{"line":197,"column":8},"end":{"line":197,"column":14}},"111":{"start":{"line":198,"column":8},"end":{"line":198,"column":14}},"112":{"start":{"line":199,"column":8},"end":{"line":199,"column":null}},"113":{"start":{"line":201,"column":8},"end":{"line":201,"column":14}},"114":{"start":{"line":202,"column":8},"end":{"line":202,"column":14}},"115":{"start":{"line":203,"column":8},"end":{"line":203,"column":null}},"116":{"start":{"line":205,"column":8},"end":{"line":205,"column":14}},"117":{"start":{"line":206,"column":8},"end":{"line":206,"column":14}},"118":{"start":{"line":207,"column":8},"end":{"line":207,"column":null}},"119":{"start":{"line":209,"column":8},"end":{"line":209,"column":14}},"120":{"start":{"line":210,"column":8},"end":{"line":210,"column":14}},"121":{"start":{"line":211,"column":8},"end":{"line":211,"column":null}},"122":{"start":{"line":213,"column":8},"end":{"line":213,"column":14}},"123":{"start":{"line":214,"column":8},"end":{"line":214,"column":14}},"124":{"start":{"line":215,"column":8},"end":{"line":215,"column":null}},"125":{"start":{"line":217,"column":8},"end":{"line":217,"column":14}},"126":{"start":{"line":218,"column":8},"end":{"line":218,"column":14}},"127":{"start":{"line":219,"column":8},"end":{"line":219,"column":null}},"128":{"start":{"line":221,"column":8},"end":{"line":221,"column":14}},"129":{"start":{"line":222,"column":8},"end":{"line":222,"column":14}},"130":{"start":{"line":223,"column":8},"end":{"line":223,"column":null}},"131":{"start":{"line":225,"column":8},"end":{"line":225,"column":14}},"132":{"start":{"line":226,"column":8},"end":{"line":226,"column":14}},"133":{"start":{"line":227,"column":8},"end":{"line":227,"column":null}},"134":{"start":{"line":229,"column":8},"end":{"line":229,"column":14}},"135":{"start":{"line":230,"column":8},"end":{"line":230,"column":14}},"136":{"start":{"line":231,"column":8},"end":{"line":231,"column":null}},"137":{"start":{"line":233,"column":8},"end":{"line":233,"column":14}},"138":{"start":{"line":234,"column":8},"end":{"line":234,"column":14}},"139":{"start":{"line":235,"column":8},"end":{"line":235,"column":null}},"140":{"start":{"line":237,"column":8},"end":{"line":237,"column":14}},"141":{"start":{"line":238,"column":8},"end":{"line":238,"column":14}},"142":{"start":{"line":239,"column":8},"end":{"line":239,"column":null}},"143":{"start":{"line":241,"column":8},"end":{"line":241,"column":14}},"144":{"start":{"line":242,"column":8},"end":{"line":242,"column":14}},"145":{"start":{"line":243,"column":8},"end":{"line":243,"column":null}},"146":{"start":{"line":247,"column":4},"end":{"line":247,"column":10}},"147":{"start":{"line":250,"column":4},"end":{"line":250,"column":10}}},"fnMap":{"0":{"name":"(anonymous_0)","decl":{"start":{"line":9,"column":0},"end":{"line":9,"column":12}},"loc":{"start":{"line":9,"column":40},"end":{"line":17,"column":null}}},"1":{"name":"(anonymous_1)","decl":{"start":{"line":56,"column":2},"end":{"line":56,"column":3}},"loc":{"start":{"line":56,"column":56},"end":{"line":62,"column":null}}},"2":{"name":"(anonymous_2)","decl":{"start":{"line":63,"column":2},"end":{"line":63,"column":3}},"loc":{"start":{"line":63,"column":72},"end":{"line":65,"column":null}}},"3":{"name":"(anonymous_3)","decl":{"start":{"line":66,"column":2},"end":{"line":66,"column":3}},"loc":{"start":{"line":66,"column":71},"end":{"line":68,"column":null}}},"4":{"name":"(anonymous_4)","decl":{"start":{"line":69,"column":2},"end":{"line":69,"column":3}},"loc":{"start":{"line":69,"column":82},"end":{"line":157,"column":null}}},"5":{"name":"(anonymous_5)","decl":{"start":{"line":158,"column":2},"end":{"line":158,"column":3}},"loc":{"start":{"line":158,"column":70},"end":{"line":245,"column":null}}},"6":{"name":"(anonymous_6)","decl":{"start":{"line":246,"column":2},"end":{"line":246,"column":3}},"loc":{"start":{"line":246,"column":74},"end":{"line":248,"column":null}}},"7":{"name":"(anonymous_7)","decl":{"start":{"line":249,"column":2},"end":{"line":249,"column":3}},"loc":{"start":{"line":249,"column":73},"end":{"line":251,"column":null}}}},"branchMap":{"0":{"loc":{"start":{"line":9,"column":12},"end":{"line":9,"column":40}},"type":"binary-expr","locations":[{"start":{"line":9,"column":12},"end":{"line":9,"column":40}},{"start":{"line":9,"column":40},"end":{"line":9,"column":null}}]},"1":{"loc":{"start":{"line":70,"column":4},"end":{"line":71,"column":12}},"type":"if","locations":[{"start":{"line":70,"column":4},"end":{"line":71,"column":12}},{"start":{"line":70,"column":4},"end":{"line":71,"column":12}}]},"2":{"loc":{"start":{"line":72,"column":4},"end":{"line":73,"column":12}},"type":"if","locations":[{"start":{"line":72,"column":4},"end":{"line":73,"column":12}},{"start":{"line":72,"column":4},"end":{"line":73,"column":12}}]},"3":{"loc":{"start":{"line":76,"column":6},"end":{"line":79,"column":null}},"type":"switch","locations":[{"start":{"line":76,"column":6},"end":{"line":79,"column":null}},{"start":{"line":80,"column":6},"end":{"line":83,"column":null}},{"start":{"line":84,"column":6},"end":{"line":87,"column":null}},{"start":{"line":88,"column":6},"end":{"line":91,"column":null}},{"start":{"line":92,"column":6},"end":{"line":95,"column":null}},{"start":{"line":96,"column":6},"end":{"line":99,"column":null}},{"start":{"line":100,"column":6},"end":{"line":103,"column":null}},{"start":{"line":104,"column":6},"end":{"line":107,"column":null}},{"start":{"line":108,"column":6},"end":{"line":111,"column":null}},{"start":{"line":112,"column":6},"end":{"line":115,"column":null}},{"start":{"line":116,"column":6},"end":{"line":119,"column":null}},{"start":{"line":120,"column":6},"end":{"line":123,"column":null}},{"start":{"line":124,"column":6},"end":{"line":127,"column":null}},{"start":{"line":128,"column":6},"end":{"line":131,"column":null}},{"start":{"line":132,"column":6},"end":{"line":135,"column":null}},{"start":{"line":136,"column":6},"end":{"line":139,"column":null}},{"start":{"line":140,"column":6},"end":{"line":143,"column":null}},{"start":{"line":144,"column":6},"end":{"line":147,"column":null}},{"start":{"line":148,"column":6},"end":{"line":151,"column":null}},{"start":{"line":152,"column":6},"end":{"line":155,"column":null}}]},"4":{"loc":{"start":{"line":160,"column":6},"end":{"line":163,"column":null}},"type":"switch","locations":[{"start":{"line":160,"column":6},"end":{"line":163,"column":null}},{"start":{"line":164,"column":6},"end":{"line":167,"column":null}},{"start":{"line":168,"column":6},"end":{"line":171,"column":null}},{"start":{"line":172,"column":6},"end":{"line":175,"column":null}},{"start":{"line":176,"column":6},"end":{"line":179,"column":null}},{"start":{"line":180,"column":6},"end":{"line":183,"column":null}},{"start":{"line":184,"column":6},"end":{"line":187,"column":null}},{"start":{"line":188,"column":6},"end":{"line":191,"column":null}},{"start":{"line":192,"column":6},"end":{"line":195,"column":null}},{"start":{"line":196,"column":6},"end":{"line":199,"column":null}},{"start":{"line":200,"column":6},"end":{"line":203,"column":null}},{"start":{"line":204,"column":6},"end":{"line":207,"column":null}},{"start":{"line":208,"column":6},"end":{"line":211,"column":null}},{"start":{"line":212,"column":6},"end":{"line":215,"column":null}},{"start":{"line":216,"column":6},"end":{"line":219,"column":null}},{"start":{"line":220,"column":6},"end":{"line":223,"column":null}},{"start":{"line":224,"column":6},"end":{"line":227,"column":null}},{"start":{"line":228,"column":6},"end":{"line":231,"column":null}},{"start":{"line":232,"column":6},"end":{"line":235,"column":null}},{"start":{"line":236,"column":6},"end":{"line":239,"column":null}},{"start":{"line":240,"column":6},"end":{"line":243,"column":null}}]}},"s":{"0":1,"1":1,"2":1,"3":1,"4":1,"5":1,"6":1,"7":1,"8":1,"9":1,"10":0,"11":0,"12":0,"13":0,"14":0,"15":0,"16":0,"17":0,"18":0,"19":0,"20":0,"21":0,"22":0,"23":0,"24":0,"25":0,"26":0,"27":0,"28":0,"29":0,"30":0,"31":0,"32":0,"33":0,"34":0,"35":0,"36":0,"37":0,"38":0,"39":0,"40":0,"41":0,"42":0,"43":0,"44":0,"45":0,"46":0,"47":0,"48":0,"49":0,"50":0,"51":0,"52":0,"53":0,"54":0,"55":0,"56":0,"57":0,"58":0,"59":0,"60":0,"61":0,"62":0,"63":0,"64":0,"65":0,"66":0,"67":0,"68":0,"69":0,"70":0,"71":0,"72":0,"73":0,"74":0,"75":0,"76":0,"77":0,"78":0,"79":0,"80":0,"81":0,"82":0,"83":0,"84":0,"85":0,"86":0,"87":0,"88":0,"89":0,"90":0,"91":0,"92":0,"93":0,"94":0,"95":0,"96":0,"97":0,"98":0,"99":0,"100":0,"101":0,"102":0,"103":0,"104":0,"105":0,"106":0,"107":0,"108":0,"109":0,"110":0,"111":0,"112":0,"113":0,"114":0,"115":0,"116":0,"117":0,"118":0,"119":0,"120":0,"121":0,"122":0,"123":0,"124":0,"125":0,"126":0,"127":0,"128":0,"129":0,"130":0,"131":0,"132":0,"133":0,"134":0,"135":0,"136":0,"137":0,"138":0,"139":0,"140":0,"141":0,"142":0,"143":0,"144":0,"145":0,"146":0,"147":0},"f":{"0":1,"1":0,"2":0,"3":0,"4":0,"5":0,"6":0,"7":0},"b":{"0":[1,1],"1":[0,0],"2":[0,0],"3":[0,0,0,0,0,0,0,0,0,0,0,0,0,0,0,0,0,0,0,0],"4":[0,0,0,0,0,0,0,0,0,0,0,0,0,0,0,0,0,0,0,0,0]}}
,"C:\\Users\\kkan0\\Desktop\\Study\\lol-ban-pick\\src\\store\\modules\\lolCompetitionBan\\getters.ts": {"path":"C:\\Users\\kkan0\\Desktop\\Study\\lol-ban-pick\\src\\store\\modules\\lolCompetitionBan\\getters.ts","statementMap":{"0":{"start":{"line":8,"column":114},"end":{"line":8,"column":null}}},"fnMap":{},"branchMap":{},"s":{"0":1},"f":{},"b":{}}
,"C:\\Users\\kkan0\\Desktop\\Study\\lol-ban-pick\\src\\store\\modules\\lolCompetitionBan\\index.ts": {"path":"C:\\Users\\kkan0\\Desktop\\Study\\lol-ban-pick\\src\\store\\modules\\lolCompetitionBan\\index.ts","statementMap":{"0":{"start":{"line":8,"column":0},"end":{"line":8,"column":null}},"1":{"start":{"line":9,"column":0},"end":{"line":9,"column":null}},"2":{"start":{"line":10,"column":0},"end":{"line":10,"column":null}},"3":{"start":{"line":11,"column":0},"end":{"line":11,"column":null}},"4":{"start":{"line":34,"column":82},"end":{"line":34,"column":null}}},"fnMap":{},"branchMap":{},"s":{"0":1,"1":1,"2":1,"3":1,"4":1},"f":{},"b":{}}
,"C:\\Users\\kkan0\\Desktop\\Study\\lol-ban-pick\\src\\store\\modules\\lolCompetitionBan\\mutations.ts": {"path":"C:\\Users\\kkan0\\Desktop\\Study\\lol-ban-pick\\src\\store\\modules\\lolCompetitionBan\\mutations.ts","statementMap":{"0":{"start":{"line":7,"column":0},"end":{"line":7,"column":12}},"1":{"start":{"line":8,"column":2},"end":{"line":8,"column":null}},"2":{"start":{"line":9,"column":2},"end":{"line":9,"column":null}},"3":{"start":{"line":10,"column":2},"end":{"line":10,"column":null}},"4":{"start":{"line":11,"column":2},"end":{"line":11,"column":null}},"5":{"start":{"line":12,"column":2},"end":{"line":12,"column":null}},"6":{"start":{"line":13,"column":2},"end":{"line":13,"column":null}},"7":{"start":{"line":14,"column":2},"end":{"line":14,"column":null}},"8":{"start":{"line":15,"column":2},"end":{"line":15,"column":null}},"9":{"start":{"line":16,"column":2},"end":{"line":16,"column":null}},"10":{"start":{"line":17,"column":2},"end":{"line":17,"column":null}},"11":{"start":{"line":18,"column":2},"end":{"line":18,"column":null}},"12":{"start":{"line":35,"column":112},"end":{"line":35,"column":null}},"13":{"start":{"line":37,"column":4},"end":{"line":37,"column":9}},"14":{"start":{"line":40,"column":4},"end":{"line":40,"column":9}},"15":{"start":{"line":43,"column":4},"end":{"line":43,"column":9}},"16":{"start":{"line":46,"column":4},"end":{"line":46,"column":9}},"17":{"start":{"line":49,"column":4},"end":{"line":49,"column":9}},"18":{"start":{"line":52,"column":4},"end":{"line":52,"column":9}},"19":{"start":{"line":55,"column":4},"end":{"line":55,"column":9}},"20":{"start":{"line":58,"column":4},"end":{"line":58,"column":9}},"21":{"start":{"line":61,"column":4},"end":{"line":61,"column":9}},"22":{"start":{"line":64,"column":17},"end":{"line":64,"column":22}},"23":{"start":{"line":65,"column":4},"end":{"line":65,"column":9}},"24":{"start":{"line":66,"column":4},"end":{"line":66,"column":9}},"25":{"start":{"line":69,"column":17},"end":{"line":69,"column":22}},"26":{"start":{"line":70,"column":4},"end":{"line":70,"column":9}},"27":{"start":{"line":71,"column":4},"end":{"line":71,"column":9}}},"fnMap":{"0":{"name":"(anonymous_0)","decl":{"start":{"line":7,"column":0},"end":{"line":7,"column":12}},"loc":{"start":{"line":7,"column":45},"end":{"line":19,"column":null}}},"1":{"name":"(anonymous_1)","decl":{"start":{"line":36,"column":2},"end":{"line":36,"column":3}},"loc":{"start":{"line":36,"column":72},"end":{"line":38,"column":null}}},"2":{"name":"(anonymous_2)","decl":{"start":{"line":39,"column":2},"end":{"line":39,"column":3}},"loc":{"start":{"line":39,"column":84},"end":{"line":41,"column":null}}},"3":{"name":"(anonymous_3)","decl":{"start":{"line":42,"column":2},"end":{"line":42,"column":3}},"loc":{"start":{"line":42,"column":71},"end":{"line":44,"column":null}}},"4":{"name":"(anonymous_4)","decl":{"start":{"line":45,"column":2},"end":{"line":45,"column":3}},"loc":{"start":{"line":45,"column":79},"end":{"line":47,"column":null}}},"5":{"name":"(anonymous_5)","decl":{"start":{"line":48,"column":2},"end":{"line":48,"column":3}},"loc":{"start":{"line":48,"column":76},"end":{"line":50,"column":null}}},"6":{"name":"(anonymous_6)","decl":{"start":{"line":51,"column":2},"end":{"line":51,"column":3}},"loc":{"start":{"line":51,"column":73},"end":{"line":53,"column":null}}},"7":{"name":"(anonymous_7)","decl":{"start":{"line":54,"column":2},"end":{"line":54,"column":3}},"loc":{"start":{"line":54,"column":86},"end":{"line":56,"column":null}}},"8":{"name":"(anonymous_8)","decl":{"start":{"line":57,"column":2},"end":{"line":57,"column":3}},"loc":{"start":{"line":57,"column":72},"end":{"line":59,"column":null}}},"9":{"name":"(anonymous_9)","decl":{"start":{"line":60,"column":2},"end":{"line":60,"column":3}},"loc":{"start":{"line":60,"column":85},"end":{"line":62,"column":null}}},"10":{"name":"(anonymous_10)","decl":{"start":{"line":63,"column":2},"end":{"line":63,"column":3}},"loc":{"start":{"line":63,"column":74},"end":{"line":67,"column":null}}},"11":{"name":"(anonymous_11)","decl":{"start":{"line":68,"column":2},"end":{"line":68,"column":3}},"loc":{"start":{"line":68,"column":73},"end":{"line":72,"column":null}}}},"branchMap":{"0":{"loc":{"start":{"line":7,"column":12},"end":{"line":7,"column":45}},"type":"binary-expr","locations":[{"start":{"line":7,"column":12},"end":{"line":7,"column":45}},{"start":{"line":7,"column":45},"end":{"line":7,"column":null}}]}},"s":{"0":1,"1":1,"2":1,"3":1,"4":1,"5":1,"6":1,"7":1,"8":1,"9":1,"10":1,"11":1,"12":1,"13":0,"14":0,"15":0,"16":0,"17":0,"18":0,"19":0,"20":0,"21":0,"22":0,"23":0,"24":0,"25":0,"26":0,"27":0},"f":{"0":1,"1":0,"2":0,"3":0,"4":0,"5":0,"6":0,"7":0,"8":0,"9":0,"10":0,"11":0},"b":{"0":[1,1]}}
,"C:\\Users\\kkan0\\Desktop\\Study\\lol-ban-pick\\src\\store\\modules\\lolCompetitionBan\\state.ts": {"path":"C:\\Users\\kkan0\\Desktop\\Study\\lol-ban-pick\\src\\store\\modules\\lolCompetitionBan\\state.ts","statementMap":{"0":{"start":{"line":13,"column":62},"end":{"line":13,"column":null}}},"fnMap":{},"branchMap":{},"s":{"0":1},"f":{},"b":{}}
,"C:\\Users\\kkan0\\Desktop\\Study\\lol-ban-pick\\src\\store\\modules\\lolRankBan\\actions.ts": {"path":"C:\\Users\\kkan0\\Desktop\\Study\\lol-ban-pick\\src\\store\\modules\\lolRankBan\\actions.ts","statementMap":{"0":{"start":{"line":2,"column":0},"end":{"line":2,"column":null}},"1":{"start":{"line":8,"column":0},"end":{"line":8,"column":12}},"2":{"start":{"line":9,"column":2},"end":{"line":9,"column":null}},"3":{"start":{"line":10,"column":2},"end":{"line":10,"column":null}},"4":{"start":{"line":11,"column":2},"end":{"line":11,"column":null}},"5":{"start":{"line":12,"column":2},"end":{"line":12,"column":null}},"6":{"start":{"line":13,"column":2},"end":{"line":13,"column":null}},"7":{"start":{"line":14,"column":2},"end":{"line":14,"column":null}},"8":{"start":{"line":15,"column":2},"end":{"line":15,"column":null}},"9":{"start":{"line":54,"column":93},"end":{"line":54,"column":null}},"10":{"start":{"line":56,"column":4},"end":{"line":56,"column":10}},"11":{"start":{"line":57,"column":4},"end":{"line":57,"column":10}},"12":{"start":{"line":58,"column":4},"end":{"line":58,"column":10}},"13":{"start":{"line":59,"column":4},"end":{"line":59,"column":10}},"14":{"start":{"line":60,"column":4},"end":{"line":60,"column":10}},"15":{"start":{"line":63,"column":4},"end":{"line":63,"column":10}},"16":{"start":{"line":66,"column":4},"end":{"line":66,"column":10}},"17":{"start":{"line":69,"column":4},"end":{"line":70,"column":12}},"18":{"start":{"line":70,"column":6},"end":{"line":70,"column":12}},"19":{"start":{"line":71,"column":4},"end":{"line":72,"column":12}},"20":{"start":{"line":72,"column":6},"end":{"line":72,"column":12}},"21":{"start":{"line":74,"column":4},"end":{"line":74,"column":12}},"22":{"start":{"line":76,"column":8},"end":{"line":76,"column":14}},"23":{"start":{"line":77,"column":8},"end":{"line":77,"column":14}},"24":{"start":{"line":78,"column":8},"end":{"line":78,"column":null}},"25":{"start":{"line":80,"column":8},"end":{"line":80,"column":14}},"26":{"start":{"line":81,"column":8},"end":{"line":81,"column":14}},"27":{"start":{"line":82,"column":8},"end":{"line":82,"column":null}},"28":{"start":{"line":84,"column":8},"end":{"line":84,"column":14}},"29":{"start":{"line":85,"column":8},"end":{"line":85,"column":14}},"30":{"start":{"line":86,"column":8},"end":{"line":86,"column":null}},"31":{"start":{"line":88,"column":8},"end":{"line":88,"column":14}},"32":{"start":{"line":89,"column":8},"end":{"line":89,"column":14}},"33":{"start":{"line":90,"column":8},"end":{"line":90,"column":null}},"34":{"start":{"line":92,"column":8},"end":{"line":92,"column":14}},"35":{"start":{"line":93,"column":8},"end":{"line":93,"column":14}},"36":{"start":{"line":94,"column":8},"end":{"line":94,"column":null}},"37":{"start":{"line":96,"column":8},"end":{"line":96,"column":14}},"38":{"start":{"line":97,"column":8},"end":{"line":97,"column":14}},"39":{"start":{"line":98,"column":8},"end":{"line":98,"column":null}},"40":{"start":{"line":100,"column":8},"end":{"line":100,"column":14}},"41":{"start":{"line":101,"column":8},"end":{"line":101,"column":14}},"42":{"start":{"line":102,"column":8},"end":{"line":102,"column":null}},"43":{"start":{"line":104,"column":8},"end":{"line":104,"column":14}},"44":{"start":{"line":105,"column":8},"end":{"line":105,"column":14}},"45":{"start":{"line":106,"column":8},"end":{"line":106,"column":null}},"46":{"start":{"line":108,"column":8},"end":{"line":108,"column":14}},"47":{"start":{"line":109,"column":8},"end":{"line":109,"column":14}},"48":{"start":{"line":110,"column":8},"end":{"line":110,"column":null}},"49":{"start":{"line":112,"column":8},"end":{"line":112,"column":14}},"50":{"start":{"line":113,"column":8},"end":{"line":113,"column":14}},"51":{"start":{"line":114,"column":8},"end":{"line":114,"column":null}},"52":{"start":{"line":116,"column":8},"end":{"line":116,"column":14}},"53":{"start":{"line":117,"column":8},"end":{"line":117,"column":14}},"54":{"start":{"line":118,"column":8},"end":{"line":118,"column":null}},"55":{"start":{"line":120,"column":8},"end":{"line":120,"column":14}},"56":{"start":{"line":121,"column":8},"end":{"line":121,"column":14}},"57":{"start":{"line":122,"column":8},"end":{"line":122,"column":null}},"58":{"start":{"line":124,"column":8},"end":{"line":124,"column":14}},"59":{"start":{"line":125,"column":8},"end":{"line":125,"column":14}},"60":{"start":{"line":126,"column":8},"end":{"line":126,"column":null}},"61":{"start":{"line":128,"column":8},"end":{"line":128,"column":14}},"62":{"start":{"line":129,"column":8},"end":{"line":129,"column":14}},"63":{"start":{"line":130,"column":8},"end":{"line":130,"column":null}},"64":{"start":{"line":132,"column":8},"end":{"line":132,"column":14}},"65":{"start":{"line":133,"column":8},"end":{"line":133,"column":14}},"66":{"start":{"line":134,"column":8},"end":{"line":134,"column":null}},"67":{"start":{"line":136,"column":8},"end":{"line":136,"column":14}},"68":{"start":{"line":137,"column":8},"end":{"line":137,"column":14}},"69":{"start":{"line":138,"column":8},"end":{"line":138,"column":null}},"70":{"start":{"line":140,"column":8},"end":{"line":140,"column":14}},"71":{"start":{"line":141,"column":8},"end":{"line":141,"column":14}},"72":{"start":{"line":142,"column":8},"end":{"line":142,"column":null}},"73":{"start":{"line":144,"column":8},"end":{"line":144,"column":14}},"74":{"start":{"line":145,"column":8},"end":{"line":145,"column":14}},"75":{"start":{"line":146,"column":8},"end":{"line":146,"column":null}},"76":{"start":{"line":148,"column":8},"end":{"line":148,"column":14}},"77":{"start":{"line":149,"column":8},"end":{"line":149,"column":14}},"78":{"start":{"line":150,"column":8},"end":{"line":150,"column":null}},"79":{"start":{"line":152,"column":8},"end":{"line":152,"column":14}},"80":{"start":{"line":153,"column":8},"end":{"line":153,"column":14}},"81":{"start":{"line":154,"column":8},"end":{"line":154,"column":null}},"82":{"start":{"line":158,"column":4},"end":{"line":158,"column":12}},"83":{"start":{"line":160,"column":8},"end":{"line":160,"column":14}},"84":{"start":{"line":161,"column":8},"end":{"line":161,"column":14}},"85":{"start":{"line":162,"column":8},"end":{"line":162,"column":null}},"86":{"start":{"line":164,"column":8},"end":{"line":164,"column":14}},"87":{"start":{"line":165,"column":8},"end":{"line":165,"column":14}},"88":{"start":{"line":166,"column":8},"end":{"line":166,"column":null}},"89":{"start":{"line":168,"column":8},"end":{"line":168,"column":14}},"90":{"start":{"line":169,"column":8},"end":{"line":169,"column":14}},"91":{"start":{"line":170,"column":8},"end":{"line":170,"column":null}},"92":{"start":{"line":172,"column":8},"end":{"line":172,"column":14}},"93":{"start":{"line":173,"column":8},"end":{"line":173,"column":14}},"94":{"start":{"line":174,"column":8},"end":{"line":174,"column":null}},"95":{"start":{"line":176,"column":8},"end":{"line":176,"column":14}},"96":{"start":{"line":177,"column":8},"end":{"line":177,"column":14}},"97":{"start":{"line":178,"column":8},"end":{"line":178,"column":null}},"98":{"start":{"line":180,"column":8},"end":{"line":180,"column":14}},"99":{"start":{"line":181,"column":8},"end":{"line":181,"column":14}},"100":{"start":{"line":182,"column":8},"end":{"line":182,"column":null}},"101":{"start":{"line":184,"column":8},"end":{"line":184,"column":14}},"102":{"start":{"line":185,"column":8},"end":{"line":185,"column":14}},"103":{"start":{"line":186,"column":8},"end":{"line":186,"column":null}},"104":{"start":{"line":188,"column":8},"end":{"line":188,"column":14}},"105":{"start":{"line":189,"column":8},"end":{"line":189,"column":14}},"106":{"start":{"line":190,"column":8},"end":{"line":190,"column":null}},"107":{"start":{"line":192,"column":8},"end":{"line":192,"column":14}},"108":{"start":{"line":193,"column":8},"end":{"line":193,"column":14}},"109":{"start":{"line":194,"column":8},"end":{"line":194,"column":null}},"110":{"start":{"line":196,"column":8},"end":{"line":196,"column":14}},"111":{"start":{"line":197,"column":8},"end":{"line":197,"column":14}},"112":{"start":{"line":198,"column":8},"end":{"line":198,"column":null}},"113":{"start":{"line":200,"column":8},"end":{"line":200,"column":14}},"114":{"start":{"line":201,"column":8},"end":{"line":201,"column":14}},"115":{"start":{"line":202,"column":8},"end":{"line":202,"column":null}},"116":{"start":{"line":204,"column":8},"end":{"line":204,"column":14}},"117":{"start":{"line":205,"column":8},"end":{"line":205,"column":14}},"118":{"start":{"line":206,"column":8},"end":{"line":206,"column":null}},"119":{"start":{"line":208,"column":8},"end":{"line":208,"column":14}},"120":{"start":{"line":209,"column":8},"end":{"line":209,"column":14}},"121":{"start":{"line":210,"column":8},"end":{"line":210,"column":null}},"122":{"start":{"line":212,"column":8},"end":{"line":212,"column":14}},"123":{"start":{"line":213,"column":8},"end":{"line":213,"column":14}},"124":{"start":{"line":214,"column":8},"end":{"line":214,"column":null}},"125":{"start":{"line":216,"column":8},"end":{"line":216,"column":14}},"126":{"start":{"line":217,"column":8},"end":{"line":217,"column":14}},"127":{"start":{"line":218,"column":8},"end":{"line":218,"column":null}},"128":{"start":{"line":220,"column":8},"end":{"line":220,"column":14}},"129":{"start":{"line":221,"column":8},"end":{"line":221,"column":14}},"130":{"start":{"line":222,"column":8},"end":{"line":222,"column":null}},"131":{"start":{"line":224,"column":8},"end":{"line":224,"column":14}},"132":{"start":{"line":225,"column":8},"end":{"line":225,"column":14}},"133":{"start":{"line":226,"column":8},"end":{"line":226,"column":null}},"134":{"start":{"line":228,"column":8},"end":{"line":228,"column":14}},"135":{"start":{"line":229,"column":8},"end":{"line":229,"column":14}},"136":{"start":{"line":230,"column":8},"end":{"line":230,"column":null}},"137":{"start":{"line":232,"column":8},"end":{"line":232,"column":14}},"138":{"start":{"line":233,"column":8},"end":{"line":233,"column":14}},"139":{"start":{"line":234,"column":8},"end":{"line":234,"column":null}},"140":{"start":{"line":236,"column":8},"end":{"line":236,"column":14}},"141":{"start":{"line":237,"column":8},"end":{"line":237,"column":14}},"142":{"start":{"line":238,"column":8},"end":{"line":238,"column":null}},"143":{"start":{"line":242,"column":4},"end":{"line":242,"column":10}},"144":{"start":{"line":245,"column":4},"end":{"line":245,"column":10}}},"fnMap":{"0":{"name":"(anonymous_0)","decl":{"start":{"line":8,"column":0},"end":{"line":8,"column":12}},"loc":{"start":{"line":8,"column":33},"end":{"line":16,"column":null}}},"1":{"name":"(anonymous_1)","decl":{"start":{"line":55,"column":2},"end":{"line":55,"column":3}},"loc":{"start":{"line":55,"column":49},"end":{"line":61,"column":null}}},"2":{"name":"(anonymous_2)","decl":{"start":{"line":62,"column":2},"end":{"line":62,"column":3}},"loc":{"start":{"line":62,"column":65},"end":{"line":64,"column":null}}},"3":{"name":"(anonymous_3)","decl":{"start":{"line":65,"column":2},"end":{"line":65,"column":3}},"loc":{"start":{"line":65,"column":64},"end":{"line":67,"column":null}}},"4":{"name":"(anonymous_4)","decl":{"start":{"line":68,"column":2},"end":{"line":68,"column":3}},"loc":{"start":{"line":68,"column":75},"end":{"line":156,"column":null}}},"5":{"name":"(anonymous_5)","decl":{"start":{"line":157,"column":2},"end":{"line":157,"column":3}},"loc":{"start":{"line":157,"column":63},"end":{"line":240,"column":null}}},"6":{"name":"(anonymous_6)","decl":{"start":{"line":241,"column":2},"end":{"line":241,"column":3}},"loc":{"start":{"line":241,"column":67},"end":{"line":243,"column":null}}},"7":{"name":"(anonymous_7)","decl":{"start":{"line":244,"column":2},"end":{"line":244,"column":3}},"loc":{"start":{"line":244,"column":66},"end":{"line":246,"column":null}}}},"branchMap":{"0":{"loc":{"start":{"line":8,"column":12},"end":{"line":8,"column":33}},"type":"binary-expr","locations":[{"start":{"line":8,"column":12},"end":{"line":8,"column":33}},{"start":{"line":8,"column":33},"end":{"line":8,"column":null}}]},"1":{"loc":{"start":{"line":69,"column":4},"end":{"line":70,"column":12}},"type":"if","locations":[{"start":{"line":69,"column":4},"end":{"line":70,"column":12}},{"start":{"line":69,"column":4},"end":{"line":70,"column":12}}]},"2":{"loc":{"start":{"line":71,"column":4},"end":{"line":72,"column":12}},"type":"if","locations":[{"start":{"line":71,"column":4},"end":{"line":72,"column":12}},{"start":{"line":71,"column":4},"end":{"line":72,"column":12}}]},"3":{"loc":{"start":{"line":75,"column":6},"end":{"line":78,"column":null}},"type":"switch","locations":[{"start":{"line":75,"column":6},"end":{"line":78,"column":null}},{"start":{"line":79,"column":6},"end":{"line":82,"column":null}},{"start":{"line":83,"column":6},"end":{"line":86,"column":null}},{"start":{"line":87,"column":6},"end":{"line":90,"column":null}},{"start":{"line":91,"column":6},"end":{"line":94,"column":null}},{"start":{"line":95,"column":6},"end":{"line":98,"column":null}},{"start":{"line":99,"column":6},"end":{"line":102,"column":null}},{"start":{"line":103,"column":6},"end":{"line":106,"column":null}},{"start":{"line":107,"column":6},"end":{"line":110,"column":null}},{"start":{"line":111,"column":6},"end":{"line":114,"column":null}},{"start":{"line":115,"column":6},"end":{"line":118,"column":null}},{"start":{"line":119,"column":6},"end":{"line":122,"column":null}},{"start":{"line":123,"column":6},"end":{"line":126,"column":null}},{"start":{"line":127,"column":6},"end":{"line":130,"column":null}},{"start":{"line":131,"column":6},"end":{"line":134,"column":null}},{"start":{"line":135,"column":6},"end":{"line":138,"column":null}},{"start":{"line":139,"column":6},"end":{"line":142,"column":null}},{"start":{"line":143,"column":6},"end":{"line":146,"column":null}},{"start":{"line":147,"column":6},"end":{"line":150,"column":null}},{"start":{"line":151,"column":6},"end":{"line":154,"column":null}}]},"4":{"loc":{"start":{"line":159,"column":6},"end":{"line":162,"column":null}},"type":"switch","locations":[{"start":{"line":159,"column":6},"end":{"line":162,"column":null}},{"start":{"line":163,"column":6},"end":{"line":166,"column":null}},{"start":{"line":167,"column":6},"end":{"line":170,"column":null}},{"start":{"line":171,"column":6},"end":{"line":174,"column":null}},{"start":{"line":175,"column":6},"end":{"line":178,"column":null}},{"start":{"line":179,"column":6},"end":{"line":182,"column":null}},{"start":{"line":183,"column":6},"end":{"line":186,"column":null}},{"start":{"line":187,"column":6},"end":{"line":190,"column":null}},{"start":{"line":191,"column":6},"end":{"line":194,"column":null}},{"start":{"line":195,"column":6},"end":{"line":198,"column":null}},{"start":{"line":199,"column":6},"end":{"line":202,"column":null}},{"start":{"line":203,"column":6},"end":{"line":206,"column":null}},{"start":{"line":207,"column":6},"end":{"line":210,"column":null}},{"start":{"line":211,"column":6},"end":{"line":214,"column":null}},{"start":{"line":215,"column":6},"end":{"line":218,"column":null}},{"start":{"line":219,"column":6},"end":{"line":222,"column":null}},{"start":{"line":223,"column":6},"end":{"line":226,"column":null}},{"start":{"line":227,"column":6},"end":{"line":230,"column":null}},{"start":{"line":231,"column":6},"end":{"line":234,"column":null}},{"start":{"line":235,"column":6},"end":{"line":238,"column":null}}]}},"s":{"0":1,"1":1,"2":1,"3":1,"4":1,"5":1,"6":1,"7":1,"8":1,"9":1,"10":0,"11":0,"12":0,"13":0,"14":0,"15":0,"16":0,"17":0,"18":0,"19":0,"20":0,"21":0,"22":0,"23":0,"24":0,"25":0,"26":0,"27":0,"28":0,"29":0,"30":0,"31":0,"32":0,"33":0,"34":0,"35":0,"36":0,"37":0,"38":0,"39":0,"40":0,"41":0,"42":0,"43":0,"44":0,"45":0,"46":0,"47":0,"48":0,"49":0,"50":0,"51":0,"52":0,"53":0,"54":0,"55":0,"56":0,"57":0,"58":0,"59":0,"60":0,"61":0,"62":0,"63":0,"64":0,"65":0,"66":0,"67":0,"68":0,"69":0,"70":0,"71":0,"72":0,"73":0,"74":0,"75":0,"76":0,"77":0,"78":0,"79":0,"80":0,"81":0,"82":0,"83":0,"84":0,"85":0,"86":0,"87":0,"88":0,"89":0,"90":0,"91":0,"92":0,"93":0,"94":0,"95":0,"96":0,"97":0,"98":0,"99":0,"100":0,"101":0,"102":0,"103":0,"104":0,"105":0,"106":0,"107":0,"108":0,"109":0,"110":0,"111":0,"112":0,"113":0,"114":0,"115":0,"116":0,"117":0,"118":0,"119":0,"120":0,"121":0,"122":0,"123":0,"124":0,"125":0,"126":0,"127":0,"128":0,"129":0,"130":0,"131":0,"132":0,"133":0,"134":0,"135":0,"136":0,"137":0,"138":0,"139":0,"140":0,"141":0,"142":0,"143":0,"144":0},"f":{"0":1,"1":0,"2":0,"3":0,"4":0,"5":0,"6":0,"7":0},"b":{"0":[1,1],"1":[0,0],"2":[0,0],"3":[0,0,0,0,0,0,0,0,0,0,0,0,0,0,0,0,0,0,0,0],"4":[0,0,0,0,0,0,0,0,0,0,0,0,0,0,0,0,0,0,0,0]}}
,"C:\\Users\\kkan0\\Desktop\\Study\\lol-ban-pick\\src\\store\\modules\\lolRankBan\\getters.ts": {"path":"C:\\Users\\kkan0\\Desktop\\Study\\lol-ban-pick\\src\\store\\modules\\lolRankBan\\getters.ts","statementMap":{"0":{"start":{"line":8,"column":93},"end":{"line":8,"column":null}}},"fnMap":{},"branchMap":{},"s":{"0":1},"f":{},"b":{}}
,"C:\\Users\\kkan0\\Desktop\\Study\\lol-ban-pick\\src\\store\\modules\\lolRankBan\\index.ts": {"path":"C:\\Users\\kkan0\\Desktop\\Study\\lol-ban-pick\\src\\store\\modules\\lolRankBan\\index.ts","statementMap":{"0":{"start":{"line":8,"column":0},"end":{"line":8,"column":null}},"1":{"start":{"line":9,"column":0},"end":{"line":9,"column":null}},"2":{"start":{"line":10,"column":0},"end":{"line":10,"column":null}},"3":{"start":{"line":11,"column":0},"end":{"line":11,"column":null}},"4":{"start":{"line":34,"column":68},"end":{"line":34,"column":null}}},"fnMap":{},"branchMap":{},"s":{"0":1,"1":1,"2":1,"3":1,"4":1},"f":{},"b":{}}
,"C:\\Users\\kkan0\\Desktop\\Study\\lol-ban-pick\\src\\store\\modules\\lolRankBan\\mutations.ts": {"path":"C:\\Users\\kkan0\\Desktop\\Study\\lol-ban-pick\\src\\store\\modules\\lolRankBan\\mutations.ts","statementMap":{"0":{"start":{"line":6,"column":0},"end":{"line":6,"column":12}},"1":{"start":{"line":7,"column":2},"end":{"line":7,"column":null}},"2":{"start":{"line":8,"column":2},"end":{"line":8,"column":null}},"3":{"start":{"line":9,"column":2},"end":{"line":9,"column":null}},"4":{"start":{"line":10,"column":2},"end":{"line":10,"column":null}},"5":{"start":{"line":11,"column":2},"end":{"line":11,"column":null}},"6":{"start":{"line":12,"column":2},"end":{"line":12,"column":null}},"7":{"start":{"line":13,"column":2},"end":{"line":13,"column":null}},"8":{"start":{"line":14,"column":2},"end":{"line":14,"column":null}},"9":{"start":{"line":15,"column":2},"end":{"line":15,"column":null}},"10":{"start":{"line":16,"column":2},"end":{"line":16,"column":null}},"11":{"start":{"line":17,"column":2},"end":{"line":17,"column":null}},"12":{"start":{"line":34,"column":88},"end":{"line":34,"column":null}},"13":{"start":{"line":36,"column":4},"end":{"line":36,"column":9}},"14":{"start":{"line":39,"column":4},"end":{"line":39,"column":9}},"15":{"start":{"line":42,"column":4},"end":{"line":42,"column":9}},"16":{"start":{"line":45,"column":4},"end":{"line":45,"column":9}},"17":{"start":{"line":48,"column":4},"end":{"line":48,"column":9}},"18":{"start":{"line":51,"column":4},"end":{"line":51,"column":9}},"19":{"start":{"line":54,"column":4},"end":{"line":54,"column":9}},"20":{"start":{"line":57,"column":4},"end":{"line":57,"column":9}},"21":{"start":{"line":60,"column":4},"end":{"line":60,"column":9}},"22":{"start":{"line":63,"column":17},"end":{"line":63,"column":22}},"23":{"start":{"line":64,"column":4},"end":{"line":64,"column":9}},"24":{"start":{"line":65,"column":4},"end":{"line":65,"column":9}},"25":{"start":{"line":68,"column":17},"end":{"line":68,"column":22}},"26":{"start":{"line":69,"column":4},"end":{"line":69,"column":9}},"27":{"start":{"line":70,"column":4},"end":{"line":70,"column":9}}},"fnMap":{"0":{"name":"(anonymous_0)","decl":{"start":{"line":6,"column":0},"end":{"line":6,"column":12}},"loc":{"start":{"line":6,"column":35},"end":{"line":18,"column":null}}},"1":{"name":"(anonymous_1)","decl":{"start":{"line":35,"column":2},"end":{"line":35,"column":3}},"loc":{"start":{"line":35,"column":62},"end":{"line":37,"column":null}}},"2":{"name":"(anonymous_2)","decl":{"start":{"line":38,"column":2},"end":{"line":38,"column":3}},"loc":{"start":{"line":38,"column":74},"end":{"line":40,"column":null}}},"3":{"name":"(anonymous_3)","decl":{"start":{"line":41,"column":2},"end":{"line":41,"column":3}},"loc":{"start":{"line":41,"column":61},"end":{"line":43,"column":null}}},"4":{"name":"(anonymous_4)","decl":{"start":{"line":44,"column":2},"end":{"line":44,"column":3}},"loc":{"start":{"line":44,"column":69},"end":{"line":46,"column":null}}},"5":{"name":"(anonymous_5)","decl":{"start":{"line":47,"column":2},"end":{"line":47,"column":3}},"loc":{"start":{"line":47,"column":66},"end":{"line":49,"column":null}}},"6":{"name":"(anonymous_6)","decl":{"start":{"line":50,"column":2},"end":{"line":50,"column":3}},"loc":{"start":{"line":50,"column":63},"end":{"line":52,"column":null}}},"7":{"name":"(anonymous_7)","decl":{"start":{"line":53,"column":2},"end":{"line":53,"column":3}},"loc":{"start":{"line":53,"column":76},"end":{"line":55,"column":null}}},"8":{"name":"(anonymous_8)","decl":{"start":{"line":56,"column":2},"end":{"line":56,"column":3}},"loc":{"start":{"line":56,"column":62},"end":{"line":58,"column":null}}},"9":{"name":"(anonymous_9)","decl":{"start":{"line":59,"column":2},"end":{"line":59,"column":3}},"loc":{"start":{"line":59,"column":75},"end":{"line":61,"column":null}}},"10":{"name":"(anonymous_10)","decl":{"start":{"line":62,"column":2},"end":{"line":62,"column":3}},"loc":{"start":{"line":62,"column":64},"end":{"line":66,"column":null}}},"11":{"name":"(anonymous_11)","decl":{"start":{"line":67,"column":2},"end":{"line":67,"column":3}},"loc":{"start":{"line":67,"column":63},"end":{"line":71,"column":null}}}},"branchMap":{"0":{"loc":{"start":{"line":6,"column":12},"end":{"line":6,"column":35}},"type":"binary-expr","locations":[{"start":{"line":6,"column":12},"end":{"line":6,"column":35}},{"start":{"line":6,"column":35},"end":{"line":6,"column":null}}]}},"s":{"0":1,"1":1,"2":1,"3":1,"4":1,"5":1,"6":1,"7":1,"8":1,"9":1,"10":1,"11":1,"12":1,"13":0,"14":0,"15":0,"16":0,"17":0,"18":0,"19":0,"20":0,"21":0,"22":0,"23":0,"24":0,"25":0,"26":0,"27":0},"f":{"0":1,"1":0,"2":0,"3":0,"4":0,"5":0,"6":0,"7":0,"8":0,"9":0,"10":0,"11":0},"b":{"0":[1,1]}}
,"C:\\Users\\kkan0\\Desktop\\Study\\lol-ban-pick\\src\\store\\modules\\lolRankBan\\state.ts": {"path":"C:\\Users\\kkan0\\Desktop\\Study\\lol-ban-pick\\src\\store\\modules\\lolRankBan\\state.ts","statementMap":{"0":{"start":{"line":12,"column":48},"end":{"line":12,"column":null}}},"fnMap":{},"branchMap":{},"s":{"0":1},"f":{},"b":{}}
,"C:\\Users\\kkan0\\Desktop\\Study\\lol-ban-pick\\src\\store\\modules\\user\\actions.ts": {"path":"C:\\Users\\kkan0\\Desktop\\Study\\lol-ban-pick\\src\\store\\modules\\user\\actions.ts","statementMap":{"0":{"start":{"line":2,"column":0},"end":{"line":2,"column":null}},"1":{"start":{"line":6,"column":0},"end":{"line":6,"column":12}},"2":{"start":{"line":7,"column":2},"end":{"line":7,"column":null}},"3":{"start":{"line":8,"column":2},"end":{"line":8,"column":null}},"4":{"start":{"line":9,"column":2},"end":{"line":9,"column":null}},"5":{"start":{"line":10,"column":2},"end":{"line":10,"column":null}},"6":{"start":{"line":36,"column":75},"end":{"line":36,"column":null}},"7":{"start":{"line":38,"column":4},"end":{"line":38,"column":10}},"8":{"start":{"line":41,"column":4},"end":{"line":41,"column":10}},"9":{"start":{"line":51,"column":4},"end":{"line":51,"column":11}},"10":{"start":{"line":54,"column":4},"end":{"line":54,"column":10}}},"fnMap":{"0":{"name":"(anonymous_0)","decl":{"start":{"line":6,"column":0},"end":{"line":6,"column":12}},"loc":{"start":{"line":6,"column":27},"end":{"line":11,"column":null}}},"1":{"name":"(anonymous_1)","decl":{"start":{"line":37,"column":2},"end":{"line":37,"column":3}},"loc":{"start":{"line":37,"column":49},"end":{"line":39,"column":null}}},"2":{"name":"(anonymous_2)","decl":{"start":{"line":40,"column":2},"end":{"line":40,"column":9}},"loc":{"start":{"line":40,"column":49},"end":{"line":49,"column":null}}},"3":{"name":"(anonymous_3)","decl":{"start":{"line":50,"column":2},"end":{"line":50,"column":3}},"loc":{"start":{"line":50,"column":37},"end":{"line":52,"column":null}}},"4":{"name":"(anonymous_4)","decl":{"start":{"line":53,"column":2},"end":{"line":53,"column":3}},"loc":{"start":{"line":53,"column":38},"end":{"line":55,"column":null}}}},"branchMap":{"0":{"loc":{"start":{"line":6,"column":12},"end":{"line":6,"column":27}},"type":"binary-expr","locations":[{"start":{"line":6,"column":12},"end":{"line":6,"column":27}},{"start":{"line":6,"column":27},"end":{"line":6,"column":null}}]}},"s":{"0":1,"1":1,"2":1,"3":1,"4":1,"5":1,"6":1,"7":0,"8":0,"9":0,"10":0},"f":{"0":1,"1":0,"2":0,"3":0,"4":0},"b":{"0":[1,1]}}
,"C:\\Users\\kkan0\\Desktop\\Study\\lol-ban-pick\\src\\store\\modules\\user\\getters.ts": {"path":"C:\\Users\\kkan0\\Desktop\\Study\\lol-ban-pick\\src\\store\\modules\\user\\getters.ts","statementMap":{"0":{"start":{"line":9,"column":75},"end":{"line":9,"column":null}},"1":{"start":{"line":11,"column":4},"end":{"line":11,"column":11}}},"fnMap":{"0":{"name":"(anonymous_0)","decl":{"start":{"line":10,"column":15},"end":{"line":10,"column":24}},"loc":{"start":{"line":10,"column":24},"end":{"line":12,"column":null}}}},"branchMap":{},"s":{"0":1,"1":0},"f":{"0":0},"b":{}}
,"C:\\Users\\kkan0\\Desktop\\Study\\lol-ban-pick\\src\\store\\modules\\user\\index.ts": {"path":"C:\\Users\\kkan0\\Desktop\\Study\\lol-ban-pick\\src\\store\\modules\\user\\index.ts","statementMap":{"0":{"start":{"line":8,"column":0},"end":{"line":8,"column":null}},"1":{"start":{"line":9,"column":0},"end":{"line":9,"column":null}},"2":{"start":{"line":10,"column":0},"end":{"line":10,"column":null}},"3":{"start":{"line":11,"column":0},"end":{"line":11,"column":null}},"4":{"start":{"line":34,"column":56},"end":{"line":34,"column":null}}},"fnMap":{},"branchMap":{},"s":{"0":1,"1":1,"2":1,"3":1,"4":1},"f":{},"b":{}}
,"C:\\Users\\kkan0\\Desktop\\Study\\lol-ban-pick\\src\\store\\modules\\user\\mutations.ts": {"path":"C:\\Users\\kkan0\\Desktop\\Study\\lol-ban-pick\\src\\store\\modules\\user\\mutations.ts","statementMap":{"0":{"start":{"line":4,"column":0},"end":{"line":4,"column":12}},"1":{"start":{"line":5,"column":2},"end":{"line":5,"column":null}},"2":{"start":{"line":11,"column":70},"end":{"line":11,"column":null}},"3":{"start":{"line":14,"column":4},"end":{"line":14,"column":9}},"4":{"start":{"line":15,"column":4},"end":{"line":15,"column":9}}},"fnMap":{"0":{"name":"(anonymous_0)","decl":{"start":{"line":4,"column":0},"end":{"line":4,"column":12}},"loc":{"start":{"line":4,"column":29},"end":{"line":6,"column":null}}},"1":{"name":"(anonymous_1)","decl":{"start":{"line":12,"column":2},"end":{"line":12,"column":3}},"loc":{"start":{"line":12,"column":46},"end":{"line":16,"column":null}}}},"branchMap":{"0":{"loc":{"start":{"line":4,"column":12},"end":{"line":4,"column":29}},"type":"binary-expr","locations":[{"start":{"line":4,"column":12},"end":{"line":4,"column":29}},{"start":{"line":4,"column":29},"end":{"line":4,"column":null}}]}},"s":{"0":1,"1":1,"2":1,"3":0,"4":0},"f":{"0":1,"1":0},"b":{"0":[1,1]}}
,"C:\\Users\\kkan0\\Desktop\\Study\\lol-ban-pick\\src\\store\\modules\\user\\state.ts": {"path":"C:\\Users\\kkan0\\Desktop\\Study\\lol-ban-pick\\src\\store\\modules\\user\\state.ts","statementMap":{"0":{"start":{"line":10,"column":36},"end":{"line":10,"column":null}}},"fnMap":{},"branchMap":{},"s":{"0":1},"f":{},"b":{}}
,"C:\\Users\\kkan0\\Desktop\\Study\\lol-ban-pick\\src\\utils\\lib\\axioses\\default.ts": {"path":"C:\\Users\\kkan0\\Desktop\\Study\\lol-ban-pick\\src\\utils\\lib\\axioses\\default.ts","statementMap":{"0":{"start":{"line":1,"column":0},"end":{"line":1,"column":null}},"1":{"start":{"line":3,"column":28},"end":{"line":3,"column":34}},"2":{"start":{"line":11,"column":0},"end":{"line":11,"column":12}},"3":{"start":{"line":12,"column":2},"end":{"line":12,"column":9}},"4":{"start":{"line":14,"column":2},"end":{"line":14,"column":8}},"5":{"start":{"line":20,"column":0},"end":{"line":20,"column":12}},"6":{"start":{"line":21,"column":2},"end":{"line":21,"column":9}},"7":{"start":{"line":23,"column":2},"end":{"line":23,"column":9}},"8":{"start":{"line":26,"column":15},"end":{"line":26,"column":null}}},"fnMap":{"0":{"name":"(anonymous_0)","decl":{"start":{"line":11,"column":38},"end":{"line":11,"column":44}},"loc":{"start":{"line":11,"column":47},"end":{"line":13,"column":3}}},"1":{"name":"(anonymous_1)","decl":{"start":{"line":13,"column":3},"end":{"line":13,"column":10}},"loc":{"start":{"line":13,"column":31},"end":{"line":15,"column":null}}},"2":{"name":"(anonymous_2)","decl":{"start":{"line":20,"column":39},"end":{"line":20,"column":45}},"loc":{"start":{"line":20,"column":48},"end":{"line":22,"column":3}}},"3":{"name":"(anonymous_3)","decl":{"start":{"line":22,"column":3},"end":{"line":22,"column":10}},"loc":{"start":{"line":22,"column":19},"end":{"line":24,"column":null}}}},"branchMap":{},"s":{"0":1,"1":1,"2":1,"3":0,"4":0,"5":1,"6":0,"7":0,"8":1},"f":{"0":0,"1":0,"2":0,"3":0},"b":{}}
,"C:\\Users\\kkan0\\Desktop\\Study\\lol-ban-pick\\src\\views\\Home\\index.vue": {"path":"C:\\Users\\kkan0\\Desktop\\Study\\lol-ban-pick\\src\\views\\Home\\index.vue","statementMap":{"0":{"start":{"line":35,"column":0},"end":{"line":35,"column":null}},"1":{"start":{"line":36,"column":0},"end":{"line":36,"column":null}},"2":{"start":{"line":38,"column":15},"end":{"line":38,"column":31}},"3":{"start":{"line":40,"column":2},"end":{"line":40,"column":7}},"4":{"start":{"line":41,"column":19},"end":{"line":41,"column":null}},"5":{"start":{"line":43,"column":34},"end":{"line":45,"column":null}},"6":{"start":{"line":43,"column":34},"end":{"line":43,"column":null}},"7":{"start":{"line":44,"column":6},"end":{"line":44,"column":12}},"8":{"start":{"line":47,"column":41},"end":{"line":49,"column":null}},"9":{"start":{"line":47,"column":41},"end":{"line":47,"column":null}},"10":{"start":{"line":48,"column":6},"end":{"line":48,"column":12}},"11":{"start":{"line":51,"column":4},"end":{"line":51,"column":11}}},"fnMap":{"0":{"name":"(anonymous_0)","decl":{"start":{"line":40,"column":7},"end":{"line":40,"column":null}},"loc":{"start":{"line":40,"column":7},"end":{"line":55,"column":null}}},"1":{"name":"(anonymous_1)","decl":{"start":{"line":43,"column":34},"end":{"line":43,"column":null}},"loc":{"start":{"line":43,"column":34},"end":{"line":45,"column":null}}},"2":{"name":"(anonymous_4)","decl":{"start":{"line":47,"column":41},"end":{"line":47,"column":null}},"loc":{"start":{"line":47,"column":41},"end":{"line":49,"column":null}}}},"branchMap":{},"s":{"0":1,"1":1,"2":1,"3":4,"4":4,"5":4,"6":1,"7":2,"8":4,"9":1,"10":2,"11":4},"f":{"0":4,"1":2,"2":2},"b":{}}
}
